<?xml version="1.0" encoding="UTF-8"?>
<!-- Generated by org.testng.reporters.JUnitReportReporter -->
<testsuite skipped="0" hostname="DESKTOP-VAE4AL3" name="InarAcademy.LogoutUser" tests="2" failures="0" timestamp="2023-01-05T15:20:50 EET" time="7.666" errors="0">
  <testcase name="checkIsLoginAndAfterLogout" time="2.455" classname="InarAcademy.LogoutUser"/>
  <testcase name="SignWithCorrectEmailAndPassword" time="5.211" classname="InarAcademy.LogoutUser"/>
</testsuite> <!-- InarAcademy.LogoutUser -->
