<?xml version="1.0" encoding="UTF-8"?>
<!-- Generated by org.testng.reporters.JUnitReportReporter -->
<testsuite skipped="0" hostname="DESKTOP-VAE4AL3" name="InarAcademy.ContactUsForm" tests="3" failures="0" timestamp="2023-01-05T15:20:50 EET" time="1.507" errors="0">
  <testcase name="confirmTheReturnHomePage" time="0.222" classname="InarAcademy.ContactUsForm"/>
  <testcase name="fillTheBox" time="0.452" classname="InarAcademy.ContactUsForm"/>
  <testcase name="uploadFile" time="0.833" classname="InarAcademy.ContactUsForm"/>
</testsuite> <!-- InarAcademy.ContactUsForm -->
