<?xml version="1.0" encoding="UTF-8"?>
<!-- Generated by org.testng.reporters.JUnitReportReporter -->
<testsuite skipped="0" hostname="DESKTOP-VAE4AL3" name="InarAcademy.LoginUserWithIncorrectEmailAndPassword" tests="2" failures="0" timestamp="2023-01-05T15:20:50 EET" time="3.229" errors="0">
  <testcase name="checkIsLogin" time="0.029" classname="InarAcademy.LoginUserWithIncorrectEmailAndPassword"/>
  <testcase name="SignWithCorrectEmailAndPassword" time="3.200" classname="InarAcademy.LoginUserWithIncorrectEmailAndPassword"/>
</testsuite> <!-- InarAcademy.LoginUserWithIncorrectEmailAndPassword -->
