<?xml version="1.0" encoding="UTF-8"?>
<!-- Generated by org.testng.reporters.JUnitReportReporter -->
<testsuite skipped="0" hostname="DESKTOP-VAE4AL3" name="InarAcademy.RegisterUserWithExistingEmail" tests="2" failures="0" timestamp="2023-01-05T15:20:50 EET" time="9.821" errors="0">
  <testcase name="checkTheExistEmail" time="7.167" classname="InarAcademy.RegisterUserWithExistingEmail"/>
  <testcase name="fillTheNameAndEmailBox" time="2.654" classname="InarAcademy.RegisterUserWithExistingEmail"/>
</testsuite> <!-- InarAcademy.RegisterUserWithExistingEmail -->
