<?xml version="1.0" encoding="UTF-8"?>
<!-- Generated by org.testng.reporters.JUnitReportReporter -->
<testsuite skipped="0" hostname="DESKTOP-VAE4AL3" name="InarAcademy.SubscriptionInHomePage" tests="2" failures="0" timestamp="2023-01-05T15:20:50 EET" time="1.758" errors="0">
  <testcase name="enterEmailAndClick" time="0.126" classname="InarAcademy.SubscriptionInHomePage"/>
  <testcase name="confirmSubscribe" time="1.632" classname="InarAcademy.SubscriptionInHomePage"/>
</testsuite> <!-- InarAcademy.SubscriptionInHomePage -->
