<?xml version="1.0" encoding="UTF-8"?>
<!-- Generated by org.testng.reporters.JUnitReportReporter -->
<testsuite skipped="0" hostname="DESKTOP-VAE4AL3" name="InarAcademy.LoginUserWithCorrectEmailAndPassword" tests="2" failures="0" timestamp="2023-01-05T15:20:50 EET" time="4.984" errors="0">
  <testcase name="SignWithCorrectEmailAndPassword" time="4.956" classname="InarAcademy.LoginUserWithCorrectEmailAndPassword"/>
  <testcase name="checkIsLogin" time="0.028" classname="InarAcademy.LoginUserWithCorrectEmailAndPassword"/>
</testsuite> <!-- InarAcademy.LoginUserWithCorrectEmailAndPassword -->
